<?xml version="1.0" encoding="utf-8"?><testsuites name="pytest tests"><testsuite name="pytest" errors="0" failures="1" skipped="0" tests="27" time="21.859" timestamp="2026-04-30T00:51:20.596344+00:00" hostname="agent-env-fff784af-fbf0-4f79-9f6a-92e3cf49f4e9"><testcase classname="backend.tests.test_artisanweb.TestHealth" name="test_root" time="0.142" /><testcase classname="backend.tests.test_artisanweb.TestAuth" name="test_register_returns_token_and_user" time="0.348" /><testcase classname="backend.tests.test_artisanweb.TestAuth" name="test_register_duplicate_email_400" time="0.128" /><testcase classname="backend.tests.test_artisanweb.TestAuth" name="test_login_valid" time="0.391" /><testcase classname="backend.tests.test_artisanweb.TestAuth" name="test_login_invalid_password_401" time="0.335" /><testcase classname="backend.tests.test_artisanweb.TestAuth" name="test_login_invalid_email_401" time="0.139" /><testcase classname="backend.tests.test_artisanweb.TestAuth" name="test_me_with_token" time="0.105" /><testcase classname="backend.tests.test_artisanweb.TestAuth" name="test_me_without_token_401" time="0.109" /><testcase classname="backend.tests.test_artisanweb.TestAuth" name="test_me_invalid_token_401" time="0.112" /><testcase classname="backend.tests.test_artisanweb.TestSitesGenerate" name="test_generate_site_no_image" time="17.161" /><testcase classname="backend.tests.test_artisanweb.TestSitesGenerate" name="test_generate_requires_auth" time="0.183" /><testcase classname="backend.tests.test_artisanweb.TestSitesGenerate" name="test_slug_uniqueness_same_business_city" time="0.105"><failure message="AssertionError: {&quot;detail&quot;:&quot;Limite atteinte (1 site en gratuit). Passez à Pro pour des sites illimités.&quot;}&#10;assert 402 == 200&#10; +  where 402 = &lt;Response [402]&gt;.status_code">backend/tests/test_artisanweb.py:194: in test_slug_uniqueness_same_business_city
    assert r1.status_code == 200, r1.text
E   AssertionError: {"detail":"Limite atteinte (1 site en gratuit). Passez à Pro pour des sites illimités."}
E   assert 402 == 200
E    +  where 402 = &lt;Response [402]&gt;.status_code</failure></testcase><testcase classname="backend.tests.test_artisanweb.TestSitesCRUD" name="test_list_sites_owner_only" time="0.601" /><testcase classname="backend.tests.test_artisanweb.TestSitesCRUD" name="test_get_site_owner" time="0.102" /><testcase classname="backend.tests.test_artisanweb.TestSitesCRUD" name="test_get_site_other_user_404" time="0.120" /><testcase classname="backend.tests.test_artisanweb.TestSitesCRUD" name="test_update_site_persists" time="0.209" /><testcase classname="backend.tests.test_artisanweb.TestSitesCRUD" name="test_publish_site" time="0.239" /><testcase classname="backend.tests.test_artisanweb.TestPublicAndLeads" name="test_public_site_no_user_id" time="0.124" /><testcase classname="backend.tests.test_artisanweb.TestPublicAndLeads" name="test_public_site_404" time="0.109" /><testcase classname="backend.tests.test_artisanweb.TestPublicAndLeads" name="test_submit_lead_public" time="0.149" /><testcase classname="backend.tests.test_artisanweb.TestPublicAndLeads" name="test_list_leads_owner" time="0.135" /><testcase classname="backend.tests.test_artisanweb.TestPublicAndLeads" name="test_list_leads_other_user_404" time="0.119" /><testcase classname="backend.tests.test_artisanweb.TestIsolation" name="test_other_user_cannot_update" time="0.116" /><testcase classname="backend.tests.test_artisanweb.TestIsolation" name="test_other_user_cannot_publish" time="0.112" /><testcase classname="backend.tests.test_artisanweb.TestIsolation" name="test_other_user_cannot_delete" time="0.119" /><testcase classname="backend.tests.test_artisanweb.TestZDelete" name="test_delete_site_cascades_leads" time="0.248" /><testcase classname="backend.tests.test_artisanweb.TestZDelete" name="test_cleanup_extra_sites" time="0.000" /></testsuite></testsuites>