<?xml version="1.0" encoding="utf-8"?><testsuites name="pytest tests"><testsuite name="pytest" errors="0" failures="0" skipped="0" tests="29" time="7.280" timestamp="2026-05-01T20:07:31.667131+00:00" hostname="agent-env-fff784af-fbf0-4f79-9f6a-92e3cf49f4e9"><testcase classname="tests.test_shop_ecommerce.TestShopCRUD" name="test_free_user_cannot_create_shop" time="0.513" /><testcase classname="tests.test_shop_ecommerce.TestShopCRUD" name="test_pro_user_creates_shop_with_defaults" time="0.471" /><testcase classname="tests.test_shop_ecommerce.TestShopCRUD" name="test_list_owned_shops" time="0.151" /><testcase classname="tests.test_shop_ecommerce.TestShopCRUD" name="test_get_shop_by_id" time="0.123" /><testcase classname="tests.test_shop_ecommerce.TestShopCRUD" name="test_update_shop_fields" time="0.257" /><testcase classname="tests.test_shop_ecommerce.TestMultiTenantIsolation" name="test_other_user_cannot_get_shop" time="0.466" /><testcase classname="tests.test_shop_ecommerce.TestMultiTenantIsolation" name="test_other_user_cannot_update" time="0.116" /><testcase classname="tests.test_shop_ecommerce.TestMultiTenantIsolation" name="test_other_user_cannot_delete" time="0.124" /><testcase classname="tests.test_shop_ecommerce.TestMultiTenantIsolation" name="test_other_user_cannot_list_products" time="0.129" /><testcase classname="tests.test_shop_ecommerce.TestProductCRUD" name="test_create_product_with_variants" time="0.189" /><testcase classname="tests.test_shop_ecommerce.TestProductCRUD" name="test_list_products" time="0.141" /><testcase classname="tests.test_shop_ecommerce.TestProductCRUD" name="test_update_product" time="0.129" /><testcase classname="tests.test_shop_ecommerce.TestProductCRUD" name="test_delete_product_at_end" time="0.224" /><testcase classname="tests.test_shop_ecommerce.TestImageUpload" name="test_upload_returns_api_files_url" time="0.607" /><testcase classname="tests.test_shop_ecommerce.TestPublicAndCheckout" name="test_public_shop_no_user_id" time="0.521" /><testcase classname="tests.test_shop_ecommerce.TestPublicAndCheckout" name="test_public_product" time="0.123" /><testcase classname="tests.test_shop_ecommerce.TestPublicAndCheckout" name="test_public_shop_404_when_draft" time="0.349" /><testcase classname="tests.test_shop_ecommerce.TestPublicAndCheckout" name="test_checkout_empty_cart_400" time="0.122" /><testcase classname="tests.test_shop_ecommerce.TestPublicAndCheckout" name="test_checkout_unknown_shipping_400" time="0.141" /><testcase classname="tests.test_shop_ecommerce.TestPublicAndCheckout" name="test_checkout_insufficient_stock_409" time="0.107" /><testcase classname="tests.test_shop_ecommerce.TestPublicAndCheckout" name="test_checkout_success_creates_order_and_session" time="0.485" /><testcase classname="tests.test_shop_ecommerce.TestPublicAndCheckout" name="test_amounts_tax_inclusive_via_owner_orders" time="0.111" /><testcase classname="tests.test_shop_ecommerce.TestPublicAndCheckout" name="test_public_order_status_endpoint_responds" time="0.318" /><testcase classname="tests.test_shop_ecommerce.TestPublicAndCheckout" name="test_owner_can_update_order_status" time="0.148" /><testcase classname="tests.test_shop_ecommerce.TestPublicAndCheckout" name="test_owner_status_update_invalid_400" time="0.119" /><testcase classname="tests.test_shop_ecommerce.TestPublicAndCheckout" name="test_other_user_cannot_view_orders" time="0.110" /><testcase classname="tests.test_shop_ecommerce.TestPublicAndCheckout" name="test_simulated_paid_via_db_patch" time="0.239" /><testcase classname="tests.test_shop_ecommerce.TestRegression" name="test_public_artisan_site_route_still_works" time="0.138" /><testcase classname="tests.test_shop_ecommerce.TestRegression" name="test_login_still_works" time="0.462" /></testsuite></testsuites>