<?xml version="1.0" encoding="utf-8"?><testsuites name="pytest tests"><testsuite name="pytest" errors="0" failures="0" skipped="0" tests="16" time="3.355" timestamp="2026-05-04T16:27:59.462628+00:00" hostname="agent-env-fff784af-fbf0-4f79-9f6a-92e3cf49f4e9"><testcase classname="backend.tests.test_domains_marketplace.TestDomainSearch" name="test_search_with_fqdn_returns_result_and_suggestions" time="0.668" /><testcase classname="backend.tests.test_domains_marketplace.TestDomainSearch" name="test_search_pricing_per_tld" time="0.099" /><testcase classname="backend.tests.test_domains_marketplace.TestDomainSearch" name="test_search_google_com_unavailable" time="0.047" /><testcase classname="backend.tests.test_domains_marketplace.TestDomainSearch" name="test_search_without_dot_returns_only_suggestions" time="0.052" /><testcase classname="backend.tests.test_domains_marketplace.TestDomainSearch" name="test_search_requires_auth" time="0.112" /><testcase classname="backend.tests.test_domains_marketplace.TestDomainPurchase" name="test_purchase_invalid_domain" time="0.059" /><testcase classname="backend.tests.test_domains_marketplace.TestDomainPurchase" name="test_purchase_already_owned_returns_409" time="0.049" /><testcase classname="backend.tests.test_domains_marketplace.TestDomainPurchase" name="test_purchase_creates_pending_session" time="0.932" /><testcase classname="backend.tests.test_domains_marketplace.TestDomainPurchase" name="test_db_doc_has_correct_pending_state" time="0.014" /><testcase classname="backend.tests.test_domains_marketplace.TestDomainStatusActivation" name="test_simulate_paid_then_status_activates" time="0.105" /><testcase classname="backend.tests.test_domains_marketplace.TestDomainStatusActivation" name="test_status_404_for_unknown_session" time="0.049" /><testcase classname="backend.tests.test_domains_marketplace.TestAutoConnectToSite" name="test_purchase_with_project_attaches_after_paid" time="0.542" /><testcase classname="backend.tests.test_domains_marketplace.TestDomainsList" name="test_demo_user_sees_only_their_domains" time="0.047" /><testcase classname="backend.tests.test_domains_marketplace.TestDomainsList" name="test_fresh_user_isolated" time="0.068" /><testcase classname="backend.tests.test_domains_marketplace.TestDomainConnect" name="test_reattach_active_domain_to_another_site" time="0.218" /><testcase classname="backend.tests.test_domains_marketplace.TestWebhookDispatch" name="test_stripe_webhook_returns_200" time="0.135" /></testsuite></testsuites>