<?xml version="1.0" encoding="utf-8"?><testsuites name="pytest tests"><testsuite name="pytest" errors="0" failures="0" skipped="0" tests="8" time="20.838" timestamp="2026-04-30T00:50:54.482514+00:00" hostname="agent-env-fff784af-fbf0-4f79-9f6a-92e3cf49f4e9"><testcase classname="backend.tests.test_artisanweb_phase2.TestBilling" name="test_billing_me_free" time="0.574" /><testcase classname="backend.tests.test_artisanweb_phase2.TestBilling" name="test_billing_me_requires_auth" time="0.110" /><testcase classname="backend.tests.test_artisanweb_phase2.TestBilling" name="test_billing_checkout_invalid_package" time="0.153" /><testcase classname="backend.tests.test_artisanweb_phase2.TestBilling" name="test_billing_checkout_creates_session_and_txn" time="0.557" /><testcase classname="backend.tests.test_artisanweb_phase2.TestBilling" name="test_billing_status_unpaid_for_initiated" time="0.324" /><testcase classname="backend.tests.test_artisanweb_phase2.TestBilling" name="test_billing_status_other_user_404" time="0.465" /><testcase classname="backend.tests.test_artisanweb_phase2.TestLeadEmailSkip" name="test_lead_saved_when_resend_key_empty" time="16.373" /><testcase classname="backend.tests.test_artisanweb_phase2.TestLeadEmailSkip" name="test_lead_triggers_email_skipped_log" time="2.124" /></testsuite></testsuites>