<?xml version="1.0" encoding="utf-8"?><testsuites name="pytest tests"><testsuite name="pytest" errors="0" failures="0" skipped="0" tests="5" time="18.690" timestamp="2026-05-01T17:55:44.779501+00:00" hostname="agent-env-fff784af-fbf0-4f79-9f6a-92e3cf49f4e9"><testcase classname="backend.tests.test_theme_sections.TestThemeAndSectionOrder" name="test_put_persists_theme_and_section_order" time="17.971" /><testcase classname="backend.tests.test_theme_sections.TestThemeAndSectionOrder" name="test_public_get_returns_theme_and_section_order" time="0.193" /><testcase classname="backend.tests.test_theme_sections.TestThemeAndSectionOrder" name="test_put_without_theme_is_backward_compatible" time="0.148" /><testcase classname="backend.tests.test_theme_sections.TestThemeAndSectionOrder" name="test_put_with_partial_theme_merges_at_field_level" time="0.181" /><testcase classname="backend.tests.test_theme_sections.TestThemeAndSectionOrder" name="test_cleanup_site" time="0.135" /></testsuite></testsuites>