<?xml version="1.0" encoding="utf-8"?><testsuites name="pytest tests"><testsuite name="pytest" errors="0" failures="0" skipped="0" tests="11" time="4.942" timestamp="2026-05-04T16:51:32.373106+00:00" hostname="agent-env-fff784af-fbf0-4f79-9f6a-92e3cf49f4e9"><testcase classname="backend.tests.test_phase6_analytics_renewal.TestAnalytics" name="test_analytics_summary_demo" time="0.511" /><testcase classname="backend.tests.test_phase6_analytics_renewal.TestAnalytics" name="test_analytics_isolation" time="0.453" /><testcase classname="backend.tests.test_phase6_analytics_renewal.TestAnalytics" name="test_analytics_requires_auth" time="0.148" /><testcase classname="backend.tests.test_phase6_analytics_renewal.TestAutoRenew" name="test_toggle_auto_renew" time="0.386" /><testcase classname="backend.tests.test_phase6_analytics_renewal.TestAutoRenew" name="test_auto_renew_other_user_404" time="0.108" /><testcase classname="backend.tests.test_phase6_analytics_renewal.TestRenewal" name="test_create_renewal_checkout" time="0.644" /><testcase classname="backend.tests.test_phase6_analytics_renewal.TestRenewal" name="test_renewal_other_user_404" time="0.100" /><testcase classname="backend.tests.test_phase6_analytics_renewal.TestRenewal" name="test_apply_renewal_extends_expiry" time="1.645" /><testcase classname="backend.tests.test_phase6_analytics_renewal.TestReminders" name="test_reminders_admin_only" time="0.109" /><testcase classname="backend.tests.test_phase6_analytics_renewal.TestReminders" name="test_reminders_sends_and_idempotent" time="0.559" /><testcase classname="backend.tests.test_phase6_analytics_renewal" name="test_webhook_empty_body" time="0.136" /></testsuite></testsuites>