<?xml version="1.0" encoding="utf-8"?><testsuites name="pytest tests"><testsuite name="pytest" errors="0" failures="0" skipped="0" tests="14" time="35.379" timestamp="2026-04-30T00:51:49.996162+00:00" hostname="agent-env-fff784af-fbf0-4f79-9f6a-92e3cf49f4e9"><testcase classname="backend.tests.test_artisanweb_phase2.TestBilling" name="test_billing_me_free" time="0.467" /><testcase classname="backend.tests.test_artisanweb_phase2.TestBilling" name="test_billing_me_requires_auth" time="0.121" /><testcase classname="backend.tests.test_artisanweb_phase2.TestBilling" name="test_billing_checkout_invalid_package" time="0.108" /><testcase classname="backend.tests.test_artisanweb_phase2.TestBilling" name="test_billing_checkout_creates_session_and_txn" time="0.486" /><testcase classname="backend.tests.test_artisanweb_phase2.TestBilling" name="test_billing_status_unpaid_for_initiated" time="0.387" /><testcase classname="backend.tests.test_artisanweb_phase2.TestBilling" name="test_billing_status_other_user_404" time="0.450" /><testcase classname="backend.tests.test_artisanweb_phase2.TestFreeTier" name="test_first_site_ok" time="14.722" /><testcase classname="backend.tests.test_artisanweb_phase2.TestFreeTier" name="test_second_site_402" time="0.135" /><testcase classname="backend.tests.test_artisanweb_phase2.TestSiteUpdateNewFields" name="test_custom_domain_show_map_persists" time="0.226" /><testcase classname="backend.tests.test_artisanweb_phase2.TestRegenerateAssets" name="test_files_endpoint_404_for_unknown" time="0.116" /><testcase classname="backend.tests.test_artisanweb_phase2.TestLeadEmailSkip" name="test_lead_saved_when_resend_key_empty" time="0.130" /><testcase classname="backend.tests.test_artisanweb_phase2.TestLeadEmailSkip" name="test_lead_triggers_email_skipped_log" time="2.119" /><testcase classname="backend.tests.test_artisanweb_phase2.TestProBypass" name="test_pro_until_allows_more_sites" time="15.421" /><testcase classname="backend.tests.test_artisanweb_phase2.TestZCleanup" name="test_cleanup" time="0.350" /></testsuite></testsuites>