<?xml version="1.0" encoding="utf-8"?><testsuites name="pytest tests"><testsuite name="pytest" errors="0" failures="0" skipped="1" tests="19" time="56.807" timestamp="2026-04-30T00:44:49.430818+00:00" hostname="agent-env-fff784af-fbf0-4f79-9f6a-92e3cf49f4e9"><testcase classname="backend.tests.test_artisanweb_phase2.TestBilling" name="test_billing_me_free" time="0.468" /><testcase classname="backend.tests.test_artisanweb_phase2.TestBilling" name="test_billing_me_requires_auth" time="0.128" /><testcase classname="backend.tests.test_artisanweb_phase2.TestBilling" name="test_billing_checkout_invalid_package" time="0.113" /><testcase classname="backend.tests.test_artisanweb_phase2.TestBilling" name="test_billing_checkout_creates_session_and_txn" time="0.498" /><testcase classname="backend.tests.test_artisanweb_phase2.TestBilling" name="test_billing_status_unpaid_for_initiated" time="0.306"><skipped type="pytest.xfail" message="Backend 500 on billing/status — Stripe checkout id from sk_test_emergent is rejected by real Stripe API; _apply_pro_credit_if_paid lacks try/except. See iteration_2 report." /></testcase><testcase classname="backend.tests.test_artisanweb_phase2.TestBilling" name="test_billing_status_other_user_404" time="0.615" /><testcase classname="backend.tests.test_artisanweb_phase2.TestFreeTier" name="test_first_site_ok" time="0.361" /><testcase classname="backend.tests.test_artisanweb_phase2.TestFreeTier" name="test_second_site_402" time="0.109" /><testcase classname="backend.tests.test_artisanweb_phase2.TestSiteUpdateNewFields" name="test_custom_domain_show_map_persists" time="0.233" /><testcase classname="backend.tests.test_artisanweb_phase2.TestRegenerateAssets" name="test_regenerate_logo" time="25.028" /><testcase classname="backend.tests.test_artisanweb_phase2.TestRegenerateAssets" name="test_files_endpoint_serves_logo" time="0.406" /><testcase classname="backend.tests.test_artisanweb_phase2.TestRegenerateAssets" name="test_files_endpoint_404_for_unknown" time="0.118" /><testcase classname="backend.tests.test_artisanweb_phase2.TestRegenerateAssets" name="test_files_endpoint_no_auth_required" time="0.361" /><testcase classname="backend.tests.test_artisanweb_phase2.TestRegenerateAssets" name="test_regenerate_hero" time="12.826" /><testcase classname="backend.tests.test_artisanweb_phase2.TestRegenerateAssets" name="test_regenerate_logo_other_user_404" time="0.123" /><testcase classname="backend.tests.test_artisanweb_phase2.TestRegenerateAssets" name="test_regenerate_hero_other_user_404" time="0.129" /><testcase classname="backend.tests.test_artisanweb_phase2.TestLeadEmailSkip" name="test_lead_saved_when_resend_key_empty" time="0.116" /><testcase classname="backend.tests.test_artisanweb_phase2.TestProBypass" name="test_pro_until_allows_more_sites" time="14.331" /><testcase classname="backend.tests.test_artisanweb_phase2.TestZCleanup" name="test_cleanup" time="0.393" /></testsuite></testsuites>