<?xml version="1.0" encoding="utf-8"?><testsuites name="pytest tests"><testsuite name="pytest" errors="0" failures="0" skipped="0" tests="28" time="77.940" timestamp="2026-04-30T00:19:52.125005+00:00" hostname="agent-env-fff784af-fbf0-4f79-9f6a-92e3cf49f4e9"><testcase classname="backend.tests.test_artisanweb.TestHealth" name="test_root" time="0.255" /><testcase classname="backend.tests.test_artisanweb.TestAuth" name="test_register_returns_token_and_user" time="0.349" /><testcase classname="backend.tests.test_artisanweb.TestAuth" name="test_register_duplicate_email_400" time="0.165" /><testcase classname="backend.tests.test_artisanweb.TestAuth" name="test_login_valid" time="0.341" /><testcase classname="backend.tests.test_artisanweb.TestAuth" name="test_login_invalid_password_401" time="0.351" /><testcase classname="backend.tests.test_artisanweb.TestAuth" name="test_login_invalid_email_401" time="0.107" /><testcase classname="backend.tests.test_artisanweb.TestAuth" name="test_me_with_token" time="0.116" /><testcase classname="backend.tests.test_artisanweb.TestAuth" name="test_me_without_token_401" time="0.124" /><testcase classname="backend.tests.test_artisanweb.TestAuth" name="test_me_invalid_token_401" time="0.151" /><testcase classname="backend.tests.test_artisanweb.TestSitesGenerate" name="test_generate_site_no_image" time="18.124" /><testcase classname="backend.tests.test_artisanweb.TestSitesGenerate" name="test_generate_requires_auth" time="0.198" /><testcase classname="backend.tests.test_artisanweb.TestSitesGenerate" name="test_slug_uniqueness_same_business_city" time="29.167" /><testcase classname="backend.tests.test_artisanweb.TestSitesGenerate" name="test_generate_with_image" time="25.133" /><testcase classname="backend.tests.test_artisanweb.TestSitesCRUD" name="test_list_sites_owner_only" time="0.780" /><testcase classname="backend.tests.test_artisanweb.TestSitesCRUD" name="test_get_site_owner" time="0.112" /><testcase classname="backend.tests.test_artisanweb.TestSitesCRUD" name="test_get_site_other_user_404" time="0.111" /><testcase classname="backend.tests.test_artisanweb.TestSitesCRUD" name="test_update_site_persists" time="0.370" /><testcase classname="backend.tests.test_artisanweb.TestSitesCRUD" name="test_publish_site" time="0.230" /><testcase classname="backend.tests.test_artisanweb.TestPublicAndLeads" name="test_public_site_no_user_id" time="0.109" /><testcase classname="backend.tests.test_artisanweb.TestPublicAndLeads" name="test_public_site_404" time="0.121" /><testcase classname="backend.tests.test_artisanweb.TestPublicAndLeads" name="test_submit_lead_public" time="0.136" /><testcase classname="backend.tests.test_artisanweb.TestPublicAndLeads" name="test_list_leads_owner" time="0.141" /><testcase classname="backend.tests.test_artisanweb.TestPublicAndLeads" name="test_list_leads_other_user_404" time="0.113" /><testcase classname="backend.tests.test_artisanweb.TestIsolation" name="test_other_user_cannot_update" time="0.122" /><testcase classname="backend.tests.test_artisanweb.TestIsolation" name="test_other_user_cannot_publish" time="0.109" /><testcase classname="backend.tests.test_artisanweb.TestIsolation" name="test_other_user_cannot_delete" time="0.115" /><testcase classname="backend.tests.test_artisanweb.TestZDelete" name="test_delete_site_cascades_leads" time="0.239" /><testcase classname="backend.tests.test_artisanweb.TestZDelete" name="test_cleanup_extra_sites" time="0.361" /></testsuite></testsuites>